<?xml version="1.0" encoding="UTF-8"?>
<!-- Generated by org.testng.reporters.JUnitReportReporter -->
<testsuite hostname="RavindraLaptop" failures="0" tests="1" name="MyTestNG.xyz" time="0.023" errors="0" timestamp="2021-09-24T20:30:24 IST" skipped="0">
  <testcase classname="MyTestNG.xyz" name="Myclass" time="0.023"/>
  <system-out/>
</testsuite> <!-- MyTestNG.xyz -->
