<?xml version="1.0" encoding="UTF-8"?>
<!-- Generated by org.testng.reporters.JUnitReportReporter -->
<testsuite hostname="RavindraLaptop" failures="0" tests="2" name="MyTestNG.Sept27_InheritedDependency" time="4.924" errors="0" timestamp="2021-09-27T20:44:09 IST" skipped="0">
  <testcase classname="MyTestNG.Sept27_InheritedDependency" name="openURL" time="2.345"/>
  <system-out>
My Google page is open now  </system-out>
  <testcase classname="MyTestNG.Sept27_InheritedDependency" name="init12" time="2.579"/>
  <system-out>
Driver get initialised here  </system-out>
</testsuite> <!-- MyTestNG.Sept27_InheritedDependency -->
