<?xml version="1.0" encoding="UTF-8"?>
<!-- Generated by org.testng.reporters.JUnitReportReporter -->
<testsuite hostname="RavindraLaptop" failures="0" tests="4" name="MyTestNG.Sept23_First_TestNG" time="0.044" errors="0" timestamp="2021-09-24T20:37:44 IST" skipped="0">
  <testcase classname="MyTestNG.Sept23_First_TestNG" name="div" time="0.019"/>
  <system-out/>
  <testcase classname="MyTestNG.Sept23_First_TestNG" name="sub" time="0.010"/>
  <system-out/>
  <testcase classname="MyTestNG.Sept23_First_TestNG" name="Mul" time="0.009"/>
  <system-out/>
  <testcase classname="MyTestNG.Sept23_First_TestNG" name="add" time="0.006"/>
  <system-out/>
</testsuite> <!-- MyTestNG.Sept23_First_TestNG -->
