<?xml version="1.0" encoding="UTF-8"?>
<!-- Generated by org.testng.reporters.JUnitReportReporter -->
<testsuite hostname="RavindraLaptop" failures="0" tests="1" name="MyTestNG.NewTest" time="0.005" errors="0" timestamp="2021-09-24T20:37:44 IST" skipped="0">
  <testcase classname="MyTestNG.NewTest" name="f" time="0.005"/>
  <system-out/>
</testsuite> <!-- MyTestNG.NewTest -->
