<?xml version="1.0" encoding="UTF-8"?>
<!-- Generated by org.testng.reporters.JUnitReportReporter -->
<testsuite hostname="RavindraLaptop" failures="0" tests="3" name="MyTestNG.Sept25_Group" time="0.043" errors="0" timestamp="2021-09-25T20:10:29 IST" skipped="0">
  <testcase classname="MyTestNG.Sept25_Group" name="fish" time="0.023"/>
  <system-out/>
  <testcase classname="MyTestNG.Sept25_Group" name="f" time="0.004"/>
  <system-out/>
  <testcase classname="MyTestNG.Sept25_Group" name="face" time="0.016"/>
  <system-out/>
</testsuite> <!-- MyTestNG.Sept25_Group -->
