<?xml version="1.0" encoding="UTF-8"?>
<!-- Generated by org.testng.reporters.JUnitReportReporter -->
<testsuite hostname="RavindraLaptop" failures="0" tests="4" name="MyTestNG.Sept28_Parameterd" time="0.052" errors="0" timestamp="2021-09-30T19:59:23 IST" skipped="1">
  <testcase classname="MyTestNG.Sept28_Parameterd" name="f" time="0.013"/>
  <system-out/>
  <testcase classname="MyTestNG.Sept28_Parameterd" name="f" time="0.030"/>
  <system-out/>
  <testcase classname="MyTestNG.Sept28_Parameterd" name="f" time="0.009"/>
  <system-out/>
  <testcase classname="MyTestNG.Sept28_Parameterd" name="f2">
    <skipped/>
  </testcase> <!-- f2 -->
  <system-out/>
</testsuite> <!-- MyTestNG.Sept28_Parameterd -->
