<?xml version="1.0" encoding="UTF-8"?>
<!-- Generated by org.testng.reporters.JUnitReportReporter -->
<testsuite hostname="RavindraLaptop" failures="0" tests="1" name="MyTestNG.xyx" time="0.003" errors="0" timestamp="2021-09-27T20:44:09 IST" skipped="0">
  <testcase classname="MyTestNG.xyx" name="clickgmail" time="0.003"/>
  <system-out/>
</testsuite> <!-- MyTestNG.xyx -->
