<?xml version="1.0" encoding="UTF-8"?>
<!-- Generated by org.testng.reporters.JUnitReportReporter -->
<testsuite hostname="RavindraLaptop" failures="0" tests="1" name="MyTestNG.Oct10_CrossBrowser" time="5.621" errors="0" timestamp="2021-10-06T20:34:19 IST" skipped="0">
  <testcase classname="MyTestNG.Oct10_CrossBrowser" name="f" time="5.621"/>
  <system-out>
Method is started Success  </system-out>
</testsuite> <!-- MyTestNG.Oct10_CrossBrowser -->
